18:01:31.659 [main] INFO  com.springbootCore.CoreApplication - Starting CoreApplication using Java 1.8.0_151 on XuChunYang with PID 147024 (F:\springboot-xcy\springboot-core\target\classes started by 19732 in F:\springboot-xcy)
18:01:31.662 [main] INFO  com.springbootCore.CoreApplication - No active profile set, falling back to default profiles: default
18:01:32.346 [main] INFO  o.s.d.r.c.RepositoryConfigurationDelegate - Multiple Spring Data modules found, entering strict repository configuration mode!
18:01:32.348 [main] INFO  o.s.d.r.c.RepositoryConfigurationDelegate - Bootstrapping Spring Data Redis repositories in DEFAULT mode.
18:01:32.371 [main] INFO  o.s.d.r.c.RepositoryConfigurationDelegate - Finished Spring Data repository scanning in 8 ms. Found 0 Redis repository interfaces.
18:01:32.674 [main] INFO  o.s.c.s.PostProcessorRegistrationDelegate$BeanPostProcessorChecker - Bean 'redisConfig' of type [com.springbootCore.config.RedisConfig$$EnhancerBySpringCGLIB$$2e7327f9] is not eligible for getting processed by all BeanPostProcessors (for example: not eligible for auto-proxying)
18:01:32.926 [main] INFO  o.s.b.w.e.tomcat.TomcatWebServer - Tomcat initialized with port(s): 8081 (http)
18:01:32.934 [main] INFO  o.a.coyote.http11.Http11NioProtocol - Initializing ProtocolHandler ["http-nio-8081"]
18:01:32.934 [main] INFO  o.a.catalina.core.StandardService - Starting service [Tomcat]
18:01:32.935 [main] INFO  o.a.catalina.core.StandardEngine - Starting Servlet engine: [Apache Tomcat/9.0.54]
18:01:32.936 [main] INFO  o.a.c.core.AprLifecycleListener - An older version [1.2.16] of the Apache Tomcat Native library is installed, while Tomcat recommends a minimum version of [1.2.30]
18:01:32.936 [main] INFO  o.a.c.core.AprLifecycleListener - Loaded Apache Tomcat Native library [1.2.16] using APR version [1.6.3].
18:01:32.936 [main] INFO  o.a.c.core.AprLifecycleListener - APR capabilities: IPv6 [true], sendfile [true], accept filters [false], random [true], UDS [false].
18:01:32.936 [main] INFO  o.a.c.core.AprLifecycleListener - APR/OpenSSL configuration: useAprConnector [false], useOpenSSL [true]
18:01:34.084 [main] INFO  o.a.c.core.AprLifecycleListener - OpenSSL successfully initialized [OpenSSL 1.0.2m  2 Nov 2017]
18:01:34.402 [main] INFO  o.a.c.c.C.[Tomcat].[localhost].[/] - Initializing Spring embedded WebApplicationContext
18:01:34.402 [main] INFO  o.s.b.w.s.c.ServletWebServerApplicationContext - Root WebApplicationContext: initialization completed in 2685 ms
18:01:34.640 [main] INFO  c.a.d.s.b.a.DruidDataSourceAutoConfigure - Init DruidDataSource
18:01:34.793 [main] INFO  c.alibaba.druid.pool.DruidDataSource - {dataSource-1} inited
18:01:37.459 [main] INFO  c.springbootCore.config.RedisConfig - 初始化 -> [Redis CacheErrorHandler]
18:01:37.937 [main] INFO  o.a.coyote.http11.Http11NioProtocol - Starting ProtocolHandler ["http-nio-8081"]
18:01:37.955 [main] INFO  o.s.b.w.e.tomcat.TomcatWebServer - Tomcat started on port(s): 8081 (http) with context path ''
18:01:37.985 [main] INFO  com.springbootCore.CoreApplication - Started CoreApplication in 6.799 seconds (JVM running for 9.238)
18:03:04.867 [SpringApplicationShutdownHook] INFO  c.alibaba.druid.pool.DruidDataSource - {dataSource-1} closing ...
18:03:04.875 [SpringApplicationShutdownHook] INFO  c.alibaba.druid.pool.DruidDataSource - {dataSource-1} closed
18:05:16.819 [main] INFO  com.springbootCore.CoreApplication - Starting CoreApplication using Java 1.8.0_151 on XuChunYang with PID 117840 (F:\springboot-xcy\springboot-core\target\classes started by 19732 in F:\springboot-xcy)
18:05:16.821 [main] INFO  com.springbootCore.CoreApplication - No active profile set, falling back to default profiles: default
18:05:17.442 [main] INFO  o.s.d.r.c.RepositoryConfigurationDelegate - Multiple Spring Data modules found, entering strict repository configuration mode!
18:05:17.444 [main] INFO  o.s.d.r.c.RepositoryConfigurationDelegate - Bootstrapping Spring Data Redis repositories in DEFAULT mode.
18:05:17.465 [main] INFO  o.s.d.r.c.RepositoryConfigurationDelegate - Finished Spring Data repository scanning in 8 ms. Found 0 Redis repository interfaces.
18:05:17.706 [main] INFO  o.s.c.s.PostProcessorRegistrationDelegate$BeanPostProcessorChecker - Bean 'redisConfig' of type [com.springbootCore.config.RedisConfig$$EnhancerBySpringCGLIB$$b1a38b6b] is not eligible for getting processed by all BeanPostProcessors (for example: not eligible for auto-proxying)
18:05:17.940 [main] INFO  o.s.b.w.e.tomcat.TomcatWebServer - Tomcat initialized with port(s): 8081 (http)
18:05:17.948 [main] INFO  o.a.coyote.http11.Http11NioProtocol - Initializing ProtocolHandler ["http-nio-8081"]
18:05:17.949 [main] INFO  o.a.catalina.core.StandardService - Starting service [Tomcat]
18:05:17.949 [main] INFO  o.a.catalina.core.StandardEngine - Starting Servlet engine: [Apache Tomcat/9.0.54]
18:05:17.950 [main] INFO  o.a.c.core.AprLifecycleListener - An older version [1.2.16] of the Apache Tomcat Native library is installed, while Tomcat recommends a minimum version of [1.2.30]
18:05:17.951 [main] INFO  o.a.c.core.AprLifecycleListener - Loaded Apache Tomcat Native library [1.2.16] using APR version [1.6.3].
18:05:17.951 [main] INFO  o.a.c.core.AprLifecycleListener - APR capabilities: IPv6 [true], sendfile [true], accept filters [false], random [true], UDS [false].
18:05:17.951 [main] INFO  o.a.c.core.AprLifecycleListener - APR/OpenSSL configuration: useAprConnector [false], useOpenSSL [true]
18:05:19.097 [main] INFO  o.a.c.core.AprLifecycleListener - OpenSSL successfully initialized [OpenSSL 1.0.2m  2 Nov 2017]
18:05:19.307 [main] INFO  o.a.c.c.C.[Tomcat].[localhost].[/] - Initializing Spring embedded WebApplicationContext
18:05:19.307 [main] INFO  o.s.b.w.s.c.ServletWebServerApplicationContext - Root WebApplicationContext: initialization completed in 2432 ms
18:05:19.453 [main] INFO  c.a.d.s.b.a.DruidDataSourceAutoConfigure - Init DruidDataSource
18:05:19.577 [main] INFO  c.alibaba.druid.pool.DruidDataSource - {dataSource-1} inited
18:05:21.931 [main] INFO  c.springbootCore.config.RedisConfig - 初始化 -> [Redis CacheErrorHandler]
18:05:22.499 [main] INFO  o.a.coyote.http11.Http11NioProtocol - Starting ProtocolHandler ["http-nio-8081"]
18:05:22.521 [main] INFO  o.s.b.w.e.tomcat.TomcatWebServer - Tomcat started on port(s): 8081 (http) with context path ''
18:05:22.547 [main] INFO  com.springbootCore.CoreApplication - Started CoreApplication in 6.167 seconds (JVM running for 8.325)
18:05:43.848 [SpringApplicationShutdownHook] INFO  c.alibaba.druid.pool.DruidDataSource - {dataSource-1} closing ...
18:05:43.855 [SpringApplicationShutdownHook] INFO  c.alibaba.druid.pool.DruidDataSource - {dataSource-1} closed
18:10:01.156 [main] INFO  com.springbootCore.CoreApplication - Starting CoreApplication using Java 1.8.0_151 on XuChunYang with PID 125700 (F:\springboot-xcy\springboot-core\target\classes started by 19732 in F:\springboot-xcy)
18:10:01.158 [main] INFO  com.springbootCore.CoreApplication - No active profile set, falling back to default profiles: default
18:10:01.804 [main] INFO  o.s.d.r.c.RepositoryConfigurationDelegate - Multiple Spring Data modules found, entering strict repository configuration mode!
18:10:01.807 [main] INFO  o.s.d.r.c.RepositoryConfigurationDelegate - Bootstrapping Spring Data Redis repositories in DEFAULT mode.
18:10:01.830 [main] INFO  o.s.d.r.c.RepositoryConfigurationDelegate - Finished Spring Data repository scanning in 9 ms. Found 0 Redis repository interfaces.
18:10:02.069 [main] INFO  o.s.c.s.PostProcessorRegistrationDelegate$BeanPostProcessorChecker - Bean 'redisConfig' of type [com.springbootCore.config.RedisConfig$$EnhancerBySpringCGLIB$$af62ce68] is not eligible for getting processed by all BeanPostProcessors (for example: not eligible for auto-proxying)
18:10:02.318 [main] INFO  o.s.b.w.e.tomcat.TomcatWebServer - Tomcat initialized with port(s): 8081 (http)
18:10:02.327 [main] INFO  o.a.coyote.http11.Http11NioProtocol - Initializing ProtocolHandler ["http-nio-8081"]
18:10:02.328 [main] INFO  o.a.catalina.core.StandardService - Starting service [Tomcat]
18:10:02.328 [main] INFO  o.a.catalina.core.StandardEngine - Starting Servlet engine: [Apache Tomcat/9.0.54]
18:10:02.329 [main] INFO  o.a.c.core.AprLifecycleListener - An older version [1.2.16] of the Apache Tomcat Native library is installed, while Tomcat recommends a minimum version of [1.2.30]
18:10:02.329 [main] INFO  o.a.c.core.AprLifecycleListener - Loaded Apache Tomcat Native library [1.2.16] using APR version [1.6.3].
18:10:02.330 [main] INFO  o.a.c.core.AprLifecycleListener - APR capabilities: IPv6 [true], sendfile [true], accept filters [false], random [true], UDS [false].
18:10:02.330 [main] INFO  o.a.c.core.AprLifecycleListener - APR/OpenSSL configuration: useAprConnector [false], useOpenSSL [true]
18:10:03.439 [main] INFO  o.a.c.core.AprLifecycleListener - OpenSSL successfully initialized [OpenSSL 1.0.2m  2 Nov 2017]
18:10:03.627 [main] INFO  o.a.c.c.C.[Tomcat].[localhost].[/] - Initializing Spring embedded WebApplicationContext
18:10:03.627 [main] INFO  o.s.b.w.s.c.ServletWebServerApplicationContext - Root WebApplicationContext: initialization completed in 2404 ms
18:10:03.755 [main] INFO  c.a.d.s.b.a.DruidDataSourceAutoConfigure - Init DruidDataSource
18:10:03.851 [main] INFO  c.alibaba.druid.pool.DruidDataSource - {dataSource-1} inited
18:10:05.871 [main] INFO  c.springbootCore.config.RedisConfig - 初始化 -> [Redis CacheErrorHandler]
18:10:06.272 [main] INFO  o.a.coyote.http11.Http11NioProtocol - Starting ProtocolHandler ["http-nio-8081"]
18:10:06.287 [main] INFO  o.s.b.w.e.tomcat.TomcatWebServer - Tomcat started on port(s): 8081 (http) with context path ''
18:10:06.314 [main] INFO  com.springbootCore.CoreApplication - Started CoreApplication in 5.588 seconds (JVM running for 7.97)
