11:04:09.090 [main] INFO  o.s.b.t.c.SpringBootTestContextBootstrapper - Neither @ContextConfiguration nor @ContextHierarchy found for test class [com.wljy.services.wljyTest], using SpringBootContextLoader
11:04:09.096 [main] INFO  o.s.t.c.s.AbstractContextLoader - Could not detect default resource locations for test class [com.wljy.services.wljyTest]: no resource found for suffixes {-context.xml, Context.groovy}.
11:04:09.097 [main] INFO  o.s.t.c.s.AnnotationConfigContextLoaderUtils - Could not detect default configuration classes for test class [com.wljy.services.wljyTest]: wljyTest does not declare any static, non-private, non-final, nested classes annotated with @Configuration.
11:04:09.249 [main] INFO  o.s.b.t.c.SpringBootTestContextBootstrapper - Found @SpringBootConfiguration com.wljy.WljyApplication for test class com.wljy.services.wljyTest
11:04:09.386 [main] INFO  o.s.b.t.c.SpringBootTestContextBootstrapper - Using TestExecutionListeners: [org.springframework.test.context.web.ServletTestExecutionListener@12f9af83, org.springframework.test.context.support.DirtiesContextBeforeModesTestExecutionListener@19b93fa8, org.springframework.test.context.event.ApplicationEventsTestExecutionListener@7e6ef134, org.springframework.test.context.support.DependencyInjectionTestExecutionListener@1f010bf0, org.springframework.test.context.support.DirtiesContextTestExecutionListener@40db2a24, org.springframework.test.context.event.EventPublishingTestExecutionListener@10cf09e8]
11:04:09.867 [main] INFO  com.wljy.services.wljyTest - Starting wljyTest using Java 1.8.0_151 on XuChunYang with PID 60356 (started by 19732 in F:\springboot-xcy\springboot-wljy)
11:04:09.868 [main] INFO  com.wljy.services.wljyTest - No active profile set, falling back to default profiles: default
11:04:10.585 [main] INFO  o.s.d.r.c.RepositoryConfigurationDelegate - Multiple Spring Data modules found, entering strict repository configuration mode!
11:04:10.589 [main] INFO  o.s.d.r.c.RepositoryConfigurationDelegate - Bootstrapping Spring Data Redis repositories in DEFAULT mode.
11:04:10.615 [main] INFO  o.s.d.r.c.RepositoryConfigurationDelegate - Finished Spring Data repository scanning in 12 ms. Found 0 Redis repository interfaces.
11:04:10.961 [main] INFO  o.s.c.s.PostProcessorRegistrationDelegate$BeanPostProcessorChecker - Bean 'redisConfig' of type [com.wljy.config.RedisConfig$$EnhancerBySpringCGLIB$$89d180cc] is not eligible for getting processed by all BeanPostProcessors (for example: not eligible for auto-proxying)
11:04:11.358 [main] INFO  c.a.d.s.b.a.DruidDataSourceAutoConfigure - Init DruidDataSource
11:04:11.566 [main] INFO  c.alibaba.druid.pool.DruidDataSource - {dataSource-1} inited
11:04:13.856 [main] INFO  com.wljy.config.RedisConfig - 初始化 -> [Redis CacheErrorHandler]
11:04:15.159 [main] INFO  com.wljy.services.wljyTest - Started wljyTest in 5.732 seconds (JVM running for 7.178)
11:04:19.396 [SpringApplicationShutdownHook] INFO  c.alibaba.druid.pool.DruidDataSource - {dataSource-1} closing ...
11:04:19.405 [SpringApplicationShutdownHook] INFO  c.alibaba.druid.pool.DruidDataSource - {dataSource-1} closed
11:11:55.384 [main] INFO  o.s.b.t.c.SpringBootTestContextBootstrapper - Neither @ContextConfiguration nor @ContextHierarchy found for test class [com.wljy.services.wljyTest], using SpringBootContextLoader
11:11:55.392 [main] INFO  o.s.t.c.s.AbstractContextLoader - Could not detect default resource locations for test class [com.wljy.services.wljyTest]: no resource found for suffixes {-context.xml, Context.groovy}.
11:11:55.394 [main] INFO  o.s.t.c.s.AnnotationConfigContextLoaderUtils - Could not detect default configuration classes for test class [com.wljy.services.wljyTest]: wljyTest does not declare any static, non-private, non-final, nested classes annotated with @Configuration.
11:11:55.559 [main] INFO  o.s.b.t.c.SpringBootTestContextBootstrapper - Found @SpringBootConfiguration com.wljy.WljyApplication for test class com.wljy.services.wljyTest
11:11:55.710 [main] INFO  o.s.b.t.c.SpringBootTestContextBootstrapper - Using TestExecutionListeners: [org.springframework.test.context.web.ServletTestExecutionListener@12f9af83, org.springframework.test.context.support.DirtiesContextBeforeModesTestExecutionListener@19b93fa8, org.springframework.test.context.event.ApplicationEventsTestExecutionListener@7e6ef134, org.springframework.test.context.support.DependencyInjectionTestExecutionListener@1f010bf0, org.springframework.test.context.support.DirtiesContextTestExecutionListener@40db2a24, org.springframework.test.context.event.EventPublishingTestExecutionListener@10cf09e8]
11:11:56.221 [main] INFO  com.wljy.services.wljyTest - Starting wljyTest using Java 1.8.0_151 on XuChunYang with PID 13652 (started by 19732 in F:\springboot-xcy\springboot-wljy)
11:11:56.223 [main] INFO  com.wljy.services.wljyTest - No active profile set, falling back to default profiles: default
11:11:57.101 [main] INFO  o.s.d.r.c.RepositoryConfigurationDelegate - Multiple Spring Data modules found, entering strict repository configuration mode!
11:11:57.105 [main] INFO  o.s.d.r.c.RepositoryConfigurationDelegate - Bootstrapping Spring Data Redis repositories in DEFAULT mode.
11:11:57.138 [main] INFO  o.s.d.r.c.RepositoryConfigurationDelegate - Finished Spring Data repository scanning in 16 ms. Found 0 Redis repository interfaces.
11:11:57.620 [main] INFO  o.s.c.s.PostProcessorRegistrationDelegate$BeanPostProcessorChecker - Bean 'redisConfig' of type [com.wljy.config.RedisConfig$$EnhancerBySpringCGLIB$$89d180cc] is not eligible for getting processed by all BeanPostProcessors (for example: not eligible for auto-proxying)
11:11:58.137 [main] INFO  c.a.d.s.b.a.DruidDataSourceAutoConfigure - Init DruidDataSource
11:11:58.397 [main] INFO  c.alibaba.druid.pool.DruidDataSource - {dataSource-1} inited
11:12:01.111 [main] INFO  com.wljy.config.RedisConfig - 初始化 -> [Redis CacheErrorHandler]
11:12:01.958 [main] INFO  com.wljy.services.wljyTest - Started wljyTest in 6.201 seconds (JVM running for 8.027)
11:12:05.757 [SpringApplicationShutdownHook] INFO  c.alibaba.druid.pool.DruidDataSource - {dataSource-1} closing ...
11:12:05.767 [SpringApplicationShutdownHook] INFO  c.alibaba.druid.pool.DruidDataSource - {dataSource-1} closed
11:16:45.551 [main] INFO  o.s.b.t.c.SpringBootTestContextBootstrapper - Neither @ContextConfiguration nor @ContextHierarchy found for test class [com.wljy.services.wljyTest], using SpringBootContextLoader
11:16:45.556 [main] INFO  o.s.t.c.s.AbstractContextLoader - Could not detect default resource locations for test class [com.wljy.services.wljyTest]: no resource found for suffixes {-context.xml, Context.groovy}.
11:16:45.558 [main] INFO  o.s.t.c.s.AnnotationConfigContextLoaderUtils - Could not detect default configuration classes for test class [com.wljy.services.wljyTest]: wljyTest does not declare any static, non-private, non-final, nested classes annotated with @Configuration.
11:16:45.696 [main] INFO  o.s.b.t.c.SpringBootTestContextBootstrapper - Found @SpringBootConfiguration com.wljy.WljyApplication for test class com.wljy.services.wljyTest
11:16:45.809 [main] INFO  o.s.b.t.c.SpringBootTestContextBootstrapper - Using TestExecutionListeners: [org.springframework.test.context.web.ServletTestExecutionListener@12f9af83, org.springframework.test.context.support.DirtiesContextBeforeModesTestExecutionListener@19b93fa8, org.springframework.test.context.event.ApplicationEventsTestExecutionListener@7e6ef134, org.springframework.test.context.support.DependencyInjectionTestExecutionListener@1f010bf0, org.springframework.test.context.support.DirtiesContextTestExecutionListener@40db2a24, org.springframework.test.context.event.EventPublishingTestExecutionListener@10cf09e8]
11:16:46.150 [main] INFO  com.wljy.services.wljyTest - Starting wljyTest using Java 1.8.0_151 on XuChunYang with PID 57272 (started by 19732 in F:\springboot-xcy\springboot-wljy)
11:16:46.152 [main] INFO  com.wljy.services.wljyTest - No active profile set, falling back to default profiles: default
11:16:46.803 [main] INFO  o.s.d.r.c.RepositoryConfigurationDelegate - Multiple Spring Data modules found, entering strict repository configuration mode!
11:16:46.806 [main] INFO  o.s.d.r.c.RepositoryConfigurationDelegate - Bootstrapping Spring Data Redis repositories in DEFAULT mode.
11:16:46.828 [main] INFO  o.s.d.r.c.RepositoryConfigurationDelegate - Finished Spring Data repository scanning in 11 ms. Found 0 Redis repository interfaces.
11:16:47.141 [main] INFO  o.s.c.s.PostProcessorRegistrationDelegate$BeanPostProcessorChecker - Bean 'redisConfig' of type [com.wljy.config.RedisConfig$$EnhancerBySpringCGLIB$$89d180cc] is not eligible for getting processed by all BeanPostProcessors (for example: not eligible for auto-proxying)
11:16:47.515 [main] INFO  c.a.d.s.b.a.DruidDataSourceAutoConfigure - Init DruidDataSource
11:16:47.727 [main] INFO  c.alibaba.druid.pool.DruidDataSource - {dataSource-1} inited
11:16:49.806 [main] INFO  com.wljy.config.RedisConfig - 初始化 -> [Redis CacheErrorHandler]
11:16:50.631 [main] INFO  com.wljy.services.wljyTest - Started wljyTest in 4.787 seconds (JVM running for 6.036)
11:16:54.452 [SpringApplicationShutdownHook] INFO  c.alibaba.druid.pool.DruidDataSource - {dataSource-1} closing ...
11:16:54.460 [SpringApplicationShutdownHook] INFO  c.alibaba.druid.pool.DruidDataSource - {dataSource-1} closed
11:23:55.231 [main] INFO  o.s.b.t.c.SpringBootTestContextBootstrapper - Neither @ContextConfiguration nor @ContextHierarchy found for test class [com.wljy.services.wljyTest], using SpringBootContextLoader
11:23:55.238 [main] INFO  o.s.t.c.s.AbstractContextLoader - Could not detect default resource locations for test class [com.wljy.services.wljyTest]: no resource found for suffixes {-context.xml, Context.groovy}.
11:23:55.239 [main] INFO  o.s.t.c.s.AnnotationConfigContextLoaderUtils - Could not detect default configuration classes for test class [com.wljy.services.wljyTest]: wljyTest does not declare any static, non-private, non-final, nested classes annotated with @Configuration.
11:23:55.397 [main] INFO  o.s.b.t.c.SpringBootTestContextBootstrapper - Found @SpringBootConfiguration com.wljy.WljyApplication for test class com.wljy.services.wljyTest
11:23:55.543 [main] INFO  o.s.b.t.c.SpringBootTestContextBootstrapper - Using TestExecutionListeners: [org.springframework.test.context.web.ServletTestExecutionListener@12f9af83, org.springframework.test.context.support.DirtiesContextBeforeModesTestExecutionListener@19b93fa8, org.springframework.test.context.event.ApplicationEventsTestExecutionListener@7e6ef134, org.springframework.test.context.support.DependencyInjectionTestExecutionListener@1f010bf0, org.springframework.test.context.support.DirtiesContextTestExecutionListener@40db2a24, org.springframework.test.context.event.EventPublishingTestExecutionListener@10cf09e8]
11:23:56.025 [main] INFO  com.wljy.services.wljyTest - Starting wljyTest using Java 1.8.0_151 on XuChunYang with PID 64100 (started by 19732 in F:\springboot-xcy\springboot-wljy)
11:23:56.027 [main] INFO  com.wljy.services.wljyTest - No active profile set, falling back to default profiles: default
11:23:56.839 [main] INFO  o.s.d.r.c.RepositoryConfigurationDelegate - Multiple Spring Data modules found, entering strict repository configuration mode!
11:23:56.844 [main] INFO  o.s.d.r.c.RepositoryConfigurationDelegate - Bootstrapping Spring Data Redis repositories in DEFAULT mode.
11:23:56.875 [main] INFO  o.s.d.r.c.RepositoryConfigurationDelegate - Finished Spring Data repository scanning in 14 ms. Found 0 Redis repository interfaces.
11:23:57.323 [main] INFO  o.s.c.s.PostProcessorRegistrationDelegate$BeanPostProcessorChecker - Bean 'redisConfig' of type [com.wljy.config.RedisConfig$$EnhancerBySpringCGLIB$$89d180cc] is not eligible for getting processed by all BeanPostProcessors (for example: not eligible for auto-proxying)
11:23:57.796 [main] INFO  c.a.d.s.b.a.DruidDataSourceAutoConfigure - Init DruidDataSource
11:23:58.011 [main] INFO  c.alibaba.druid.pool.DruidDataSource - {dataSource-1} inited
11:24:01.317 [main] INFO  com.wljy.config.RedisConfig - 初始化 -> [Redis CacheErrorHandler]
11:24:02.938 [main] INFO  com.wljy.services.wljyTest - Started wljyTest in 7.348 seconds (JVM running for 9.034)
11:24:08.779 [SpringApplicationShutdownHook] INFO  c.alibaba.druid.pool.DruidDataSource - {dataSource-1} closing ...
11:24:08.788 [SpringApplicationShutdownHook] INFO  c.alibaba.druid.pool.DruidDataSource - {dataSource-1} closed
11:33:41.838 [main] INFO  o.s.b.t.c.SpringBootTestContextBootstrapper - Neither @ContextConfiguration nor @ContextHierarchy found for test class [com.wljy.services.wljyTest], using SpringBootContextLoader
11:33:41.844 [main] INFO  o.s.t.c.s.AbstractContextLoader - Could not detect default resource locations for test class [com.wljy.services.wljyTest]: no resource found for suffixes {-context.xml, Context.groovy}.
11:33:41.844 [main] INFO  o.s.t.c.s.AnnotationConfigContextLoaderUtils - Could not detect default configuration classes for test class [com.wljy.services.wljyTest]: wljyTest does not declare any static, non-private, non-final, nested classes annotated with @Configuration.
11:33:41.961 [main] INFO  o.s.b.t.c.SpringBootTestContextBootstrapper - Found @SpringBootConfiguration com.wljy.WljyApplication for test class com.wljy.services.wljyTest
11:33:42.070 [main] INFO  o.s.b.t.c.SpringBootTestContextBootstrapper - Using TestExecutionListeners: [org.springframework.test.context.web.ServletTestExecutionListener@12f9af83, org.springframework.test.context.support.DirtiesContextBeforeModesTestExecutionListener@19b93fa8, org.springframework.test.context.event.ApplicationEventsTestExecutionListener@7e6ef134, org.springframework.test.context.support.DependencyInjectionTestExecutionListener@1f010bf0, org.springframework.test.context.support.DirtiesContextTestExecutionListener@40db2a24, org.springframework.test.context.event.EventPublishingTestExecutionListener@10cf09e8]
11:33:42.411 [main] INFO  com.wljy.services.wljyTest - Starting wljyTest using Java 1.8.0_151 on XuChunYang with PID 58412 (started by 19732 in F:\springboot-xcy\springboot-wljy)
11:33:42.414 [main] INFO  com.wljy.services.wljyTest - No active profile set, falling back to default profiles: default
11:33:43.093 [main] INFO  o.s.d.r.c.RepositoryConfigurationDelegate - Multiple Spring Data modules found, entering strict repository configuration mode!
11:33:43.095 [main] INFO  o.s.d.r.c.RepositoryConfigurationDelegate - Bootstrapping Spring Data Redis repositories in DEFAULT mode.
11:33:43.118 [main] INFO  o.s.d.r.c.RepositoryConfigurationDelegate - Finished Spring Data repository scanning in 10 ms. Found 0 Redis repository interfaces.
11:33:43.420 [main] INFO  o.s.c.s.PostProcessorRegistrationDelegate$BeanPostProcessorChecker - Bean 'redisConfig' of type [com.wljy.config.RedisConfig$$EnhancerBySpringCGLIB$$89d180cc] is not eligible for getting processed by all BeanPostProcessors (for example: not eligible for auto-proxying)
11:33:43.764 [main] INFO  c.a.d.s.b.a.DruidDataSourceAutoConfigure - Init DruidDataSource
11:33:43.931 [main] INFO  c.alibaba.druid.pool.DruidDataSource - {dataSource-1} inited
11:33:46.113 [main] INFO  com.wljy.config.RedisConfig - 初始化 -> [Redis CacheErrorHandler]
11:33:47.105 [main] INFO  com.wljy.services.wljyTest - Started wljyTest in 5.001 seconds (JVM running for 6.312)
11:33:51.236 [SpringApplicationShutdownHook] INFO  c.alibaba.druid.pool.DruidDataSource - {dataSource-1} closing ...
11:33:51.242 [SpringApplicationShutdownHook] INFO  c.alibaba.druid.pool.DruidDataSource - {dataSource-1} closed
11:37:10.540 [main] INFO  o.s.b.t.c.SpringBootTestContextBootstrapper - Neither @ContextConfiguration nor @ContextHierarchy found for test class [com.wljy.services.wljyTest], using SpringBootContextLoader
11:37:10.545 [main] INFO  o.s.t.c.s.AbstractContextLoader - Could not detect default resource locations for test class [com.wljy.services.wljyTest]: no resource found for suffixes {-context.xml, Context.groovy}.
11:37:10.545 [main] INFO  o.s.t.c.s.AnnotationConfigContextLoaderUtils - Could not detect default configuration classes for test class [com.wljy.services.wljyTest]: wljyTest does not declare any static, non-private, non-final, nested classes annotated with @Configuration.
11:37:10.661 [main] INFO  o.s.b.t.c.SpringBootTestContextBootstrapper - Found @SpringBootConfiguration com.wljy.WljyApplication for test class com.wljy.services.wljyTest
11:37:10.759 [main] INFO  o.s.b.t.c.SpringBootTestContextBootstrapper - Using TestExecutionListeners: [org.springframework.test.context.web.ServletTestExecutionListener@12f9af83, org.springframework.test.context.support.DirtiesContextBeforeModesTestExecutionListener@19b93fa8, org.springframework.test.context.event.ApplicationEventsTestExecutionListener@7e6ef134, org.springframework.test.context.support.DependencyInjectionTestExecutionListener@1f010bf0, org.springframework.test.context.support.DirtiesContextTestExecutionListener@40db2a24, org.springframework.test.context.event.EventPublishingTestExecutionListener@10cf09e8]
11:37:11.107 [main] INFO  com.wljy.services.wljyTest - Starting wljyTest using Java 1.8.0_151 on XuChunYang with PID 42472 (started by 19732 in F:\springboot-xcy\springboot-wljy)
11:37:11.109 [main] INFO  com.wljy.services.wljyTest - No active profile set, falling back to default profiles: default
11:37:11.733 [main] INFO  o.s.d.r.c.RepositoryConfigurationDelegate - Multiple Spring Data modules found, entering strict repository configuration mode!
11:37:11.735 [main] INFO  o.s.d.r.c.RepositoryConfigurationDelegate - Bootstrapping Spring Data Redis repositories in DEFAULT mode.
11:37:11.757 [main] INFO  o.s.d.r.c.RepositoryConfigurationDelegate - Finished Spring Data repository scanning in 10 ms. Found 0 Redis repository interfaces.
11:37:12.046 [main] INFO  o.s.c.s.PostProcessorRegistrationDelegate$BeanPostProcessorChecker - Bean 'redisConfig' of type [com.wljy.config.RedisConfig$$EnhancerBySpringCGLIB$$89d180cc] is not eligible for getting processed by all BeanPostProcessors (for example: not eligible for auto-proxying)
11:37:12.378 [main] INFO  c.a.d.s.b.a.DruidDataSourceAutoConfigure - Init DruidDataSource
11:37:12.523 [main] INFO  c.alibaba.druid.pool.DruidDataSource - {dataSource-1} inited
11:37:14.884 [main] INFO  com.wljy.config.RedisConfig - 初始化 -> [Redis CacheErrorHandler]
11:37:15.832 [main] INFO  com.wljy.services.wljyTest - Started wljyTest in 5.04 seconds (JVM running for 6.163)
11:37:19.794 [SpringApplicationShutdownHook] INFO  c.alibaba.druid.pool.DruidDataSource - {dataSource-1} closing ...
11:37:19.801 [SpringApplicationShutdownHook] INFO  c.alibaba.druid.pool.DruidDataSource - {dataSource-1} closed
