15:04:01.633 [main] INFO  o.s.b.t.c.SpringBootTestContextBootstrapper - Neither @ContextConfiguration nor @ContextHierarchy found for test class [com.wljy.services.wljyTest], using SpringBootContextLoader
15:04:01.633 [main] INFO  o.s.t.c.s.AbstractContextLoader - Could not detect default resource locations for test class [com.wljy.services.wljyTest]: no resource found for suffixes {-context.xml, Context.groovy}.
15:04:01.633 [main] INFO  o.s.t.c.s.AnnotationConfigContextLoaderUtils - Could not detect default configuration classes for test class [com.wljy.services.wljyTest]: wljyTest does not declare any static, non-private, non-final, nested classes annotated with @Configuration.
15:04:01.805 [main] INFO  o.s.b.t.c.SpringBootTestContextBootstrapper - Found @SpringBootConfiguration com.wljy.WljyApplication for test class com.wljy.services.wljyTest
15:04:01.933 [main] INFO  o.s.b.t.c.SpringBootTestContextBootstrapper - Using TestExecutionListeners: [org.springframework.test.context.web.ServletTestExecutionListener@7e6ef134, org.springframework.test.context.support.DirtiesContextBeforeModesTestExecutionListener@1f010bf0, org.springframework.test.context.event.ApplicationEventsTestExecutionListener@40db2a24, org.springframework.test.context.support.DependencyInjectionTestExecutionListener@10cf09e8, org.springframework.test.context.support.DirtiesContextTestExecutionListener@1921ad94, org.springframework.test.context.event.EventPublishingTestExecutionListener@ee86bcb]
15:04:02.395 [main] INFO  com.wljy.services.wljyTest - Starting wljyTest using Java 1.8.0_151 on XuChunYang with PID 3660 (started by Xu in F:\springboot-xcy\springboot-wljy)
15:04:02.395 [main] INFO  com.wljy.services.wljyTest - No active profile set, falling back to default profiles: default
15:04:02.964 [main] INFO  o.s.d.r.c.RepositoryConfigurationDelegate - Multiple Spring Data modules found, entering strict repository configuration mode!
15:04:02.964 [main] INFO  o.s.d.r.c.RepositoryConfigurationDelegate - Bootstrapping Spring Data Redis repositories in DEFAULT mode.
15:04:02.995 [main] INFO  o.s.d.r.c.RepositoryConfigurationDelegate - Finished Spring Data repository scanning in 10 ms. Found 0 Redis repository interfaces.
15:04:03.296 [main] INFO  o.s.c.s.PostProcessorRegistrationDelegate$BeanPostProcessorChecker - Bean 'redisConfig' of type [com.wljy.config.RedisConfig$$EnhancerBySpringCGLIB$$19b8829] is not eligible for getting processed by all BeanPostProcessors (for example: not eligible for auto-proxying)
15:04:03.642 [main] INFO  c.a.d.s.b.a.DruidDataSourceAutoConfigure - Init DruidDataSource
15:04:03.833 [main] INFO  c.alibaba.druid.pool.DruidDataSource - {dataSource-1} inited
15:04:05.351 [main] INFO  com.wljy.config.RedisConfig - 初始化 -> [Redis CacheErrorHandler]
15:04:06.150 [main] INFO  com.wljy.services.wljyTest - Started wljyTest in 4.163 seconds (JVM running for 5.393)
15:04:49.835 [main] INFO  o.s.b.t.c.SpringBootTestContextBootstrapper - Neither @ContextConfiguration nor @ContextHierarchy found for test class [com.wljy.services.wljyTest], using SpringBootContextLoader
15:04:49.835 [main] INFO  o.s.t.c.s.AbstractContextLoader - Could not detect default resource locations for test class [com.wljy.services.wljyTest]: no resource found for suffixes {-context.xml, Context.groovy}.
15:04:49.835 [main] INFO  o.s.t.c.s.AnnotationConfigContextLoaderUtils - Could not detect default configuration classes for test class [com.wljy.services.wljyTest]: wljyTest does not declare any static, non-private, non-final, nested classes annotated with @Configuration.
15:04:49.949 [main] INFO  o.s.b.t.c.SpringBootTestContextBootstrapper - Found @SpringBootConfiguration com.wljy.WljyApplication for test class com.wljy.services.wljyTest
15:04:50.058 [main] INFO  o.s.b.t.c.SpringBootTestContextBootstrapper - Using TestExecutionListeners: [org.springframework.test.context.web.ServletTestExecutionListener@7e6ef134, org.springframework.test.context.support.DirtiesContextBeforeModesTestExecutionListener@1f010bf0, org.springframework.test.context.event.ApplicationEventsTestExecutionListener@40db2a24, org.springframework.test.context.support.DependencyInjectionTestExecutionListener@10cf09e8, org.springframework.test.context.support.DirtiesContextTestExecutionListener@1921ad94, org.springframework.test.context.event.EventPublishingTestExecutionListener@ee86bcb]
15:04:50.374 [main] INFO  com.wljy.services.wljyTest - Starting wljyTest using Java 1.8.0_151 on XuChunYang with PID 14864 (started by Xu in F:\springboot-xcy\springboot-wljy)
15:04:50.374 [main] INFO  com.wljy.services.wljyTest - No active profile set, falling back to default profiles: default
15:04:50.933 [main] INFO  o.s.d.r.c.RepositoryConfigurationDelegate - Multiple Spring Data modules found, entering strict repository configuration mode!
15:04:50.949 [main] INFO  o.s.d.r.c.RepositoryConfigurationDelegate - Bootstrapping Spring Data Redis repositories in DEFAULT mode.
15:04:50.970 [main] INFO  o.s.d.r.c.RepositoryConfigurationDelegate - Finished Spring Data repository scanning in 9 ms. Found 0 Redis repository interfaces.
15:04:51.236 [main] INFO  o.s.c.s.PostProcessorRegistrationDelegate$BeanPostProcessorChecker - Bean 'redisConfig' of type [com.wljy.config.RedisConfig$$EnhancerBySpringCGLIB$$19b8829] is not eligible for getting processed by all BeanPostProcessors (for example: not eligible for auto-proxying)
15:04:51.586 [main] INFO  c.a.d.s.b.a.DruidDataSourceAutoConfigure - Init DruidDataSource
15:04:51.774 [main] INFO  c.alibaba.druid.pool.DruidDataSource - {dataSource-1} inited
15:04:53.393 [main] INFO  com.wljy.config.RedisConfig - 初始化 -> [Redis CacheErrorHandler]
15:04:54.215 [main] INFO  com.wljy.services.wljyTest - Started wljyTest in 4.117 seconds (JVM running for 5.196)
15:08:54.637 [main] INFO  o.s.b.t.c.SpringBootTestContextBootstrapper - Neither @ContextConfiguration nor @ContextHierarchy found for test class [com.wljy.services.wljyTest], using SpringBootContextLoader
15:08:54.652 [main] INFO  o.s.t.c.s.AbstractContextLoader - Could not detect default resource locations for test class [com.wljy.services.wljyTest]: no resource found for suffixes {-context.xml, Context.groovy}.
15:08:54.652 [main] INFO  o.s.t.c.s.AnnotationConfigContextLoaderUtils - Could not detect default configuration classes for test class [com.wljy.services.wljyTest]: wljyTest does not declare any static, non-private, non-final, nested classes annotated with @Configuration.
15:08:54.734 [main] INFO  o.s.b.t.c.SpringBootTestContextBootstrapper - Found @SpringBootConfiguration com.wljy.WljyApplication for test class com.wljy.services.wljyTest
15:08:54.835 [main] INFO  o.s.b.t.c.SpringBootTestContextBootstrapper - Using TestExecutionListeners: [org.springframework.test.context.web.ServletTestExecutionListener@7e6ef134, org.springframework.test.context.support.DirtiesContextBeforeModesTestExecutionListener@1f010bf0, org.springframework.test.context.event.ApplicationEventsTestExecutionListener@40db2a24, org.springframework.test.context.support.DependencyInjectionTestExecutionListener@10cf09e8, org.springframework.test.context.support.DirtiesContextTestExecutionListener@1921ad94, org.springframework.test.context.event.EventPublishingTestExecutionListener@ee86bcb]
15:08:55.133 [main] INFO  com.wljy.services.wljyTest - Starting wljyTest using Java 1.8.0_151 on XuChunYang with PID 6684 (started by Xu in F:\springboot-xcy\springboot-wljy)
15:08:55.133 [main] INFO  com.wljy.services.wljyTest - No active profile set, falling back to default profiles: default
15:08:55.761 [main] INFO  o.s.d.r.c.RepositoryConfigurationDelegate - Multiple Spring Data modules found, entering strict repository configuration mode!
15:08:55.761 [main] INFO  o.s.d.r.c.RepositoryConfigurationDelegate - Bootstrapping Spring Data Redis repositories in DEFAULT mode.
15:08:55.786 [main] INFO  o.s.d.r.c.RepositoryConfigurationDelegate - Finished Spring Data repository scanning in 12 ms. Found 0 Redis repository interfaces.
15:08:56.086 [main] INFO  o.s.c.s.PostProcessorRegistrationDelegate$BeanPostProcessorChecker - Bean 'redisConfig' of type [com.wljy.config.RedisConfig$$EnhancerBySpringCGLIB$$19b8829] is not eligible for getting processed by all BeanPostProcessors (for example: not eligible for auto-proxying)
15:08:56.418 [main] INFO  c.a.d.s.b.a.DruidDataSourceAutoConfigure - Init DruidDataSource
15:08:56.574 [main] INFO  c.alibaba.druid.pool.DruidDataSource - {dataSource-1} inited
15:08:58.118 [main] INFO  com.wljy.config.RedisConfig - 初始化 -> [Redis CacheErrorHandler]
15:08:58.950 [main] INFO  com.wljy.services.wljyTest - Started wljyTest in 4.1 seconds (JVM running for 5.097)
15:09:01.852 [SpringApplicationShutdownHook] INFO  c.alibaba.druid.pool.DruidDataSource - {dataSource-1} closing ...
15:09:01.864 [SpringApplicationShutdownHook] INFO  c.alibaba.druid.pool.DruidDataSource - {dataSource-1} closed
