17:55:57.901 [main] INFO  com.springbootCore.CoreApplication - Starting CoreApplication using Java 1.8.0_151 on XuChunYang with PID 140448 (F:\springboot-xcy\springboot-core\target\classes started by 19732 in F:\springboot-xcy)
17:55:57.904 [main] INFO  com.springbootCore.CoreApplication - No active profile set, falling back to default profiles: default
17:55:58.672 [main] INFO  o.s.d.r.c.RepositoryConfigurationDelegate - Multiple Spring Data modules found, entering strict repository configuration mode!
17:55:58.674 [main] INFO  o.s.d.r.c.RepositoryConfigurationDelegate - Bootstrapping Spring Data Redis repositories in DEFAULT mode.
17:55:58.706 [main] INFO  o.s.d.r.c.RepositoryConfigurationDelegate - Finished Spring Data repository scanning in 13 ms. Found 0 Redis repository interfaces.
17:55:59.026 [main] INFO  o.s.c.s.PostProcessorRegistrationDelegate$BeanPostProcessorChecker - Bean 'redisConfig' of type [com.springbootCore.config.RedisConfig$$EnhancerBySpringCGLIB$$5eb984a3] is not eligible for getting processed by all BeanPostProcessors (for example: not eligible for auto-proxying)
17:55:59.358 [main] INFO  o.s.b.w.e.tomcat.TomcatWebServer - Tomcat initialized with port(s): 8081 (http)
17:55:59.369 [main] INFO  o.a.coyote.http11.Http11NioProtocol - Initializing ProtocolHandler ["http-nio-8081"]
17:55:59.370 [main] INFO  o.a.catalina.core.StandardService - Starting service [Tomcat]
17:55:59.370 [main] INFO  o.a.catalina.core.StandardEngine - Starting Servlet engine: [Apache Tomcat/9.0.54]
17:55:59.371 [main] INFO  o.a.c.core.AprLifecycleListener - An older version [1.2.16] of the Apache Tomcat Native library is installed, while Tomcat recommends a minimum version of [1.2.30]
17:55:59.371 [main] INFO  o.a.c.core.AprLifecycleListener - Loaded Apache Tomcat Native library [1.2.16] using APR version [1.6.3].
17:55:59.372 [main] INFO  o.a.c.core.AprLifecycleListener - APR capabilities: IPv6 [true], sendfile [true], accept filters [false], random [true], UDS [false].
17:55:59.372 [main] INFO  o.a.c.core.AprLifecycleListener - APR/OpenSSL configuration: useAprConnector [false], useOpenSSL [true]
17:56:00.536 [main] INFO  o.a.c.core.AprLifecycleListener - OpenSSL successfully initialized [OpenSSL 1.0.2m  2 Nov 2017]
17:56:00.731 [main] INFO  o.a.c.c.C.[Tomcat].[localhost].[/] - Initializing Spring embedded WebApplicationContext
17:56:00.731 [main] INFO  o.s.b.w.s.c.ServletWebServerApplicationContext - Root WebApplicationContext: initialization completed in 2760 ms
17:56:00.831 [main] INFO  c.a.d.s.b.a.DruidDataSourceAutoConfigure - Init DruidDataSource
17:56:00.898 [main] INFO  o.a.catalina.core.StandardService - Stopping service [Tomcat]
17:56:00.917 [main] INFO  o.s.b.a.l.ConditionEvaluationReportLoggingListener - 

Error starting ApplicationContext. To display the conditions report re-run your application with 'debug' enabled.
17:58:09.562 [main] INFO  com.springbootCore.CoreApplication - Starting CoreApplication using Java 1.8.0_151 on XuChunYang with PID 138372 (F:\springboot-xcy\springboot-core\target\classes started by 19732 in F:\springboot-xcy)
17:58:09.564 [main] INFO  com.springbootCore.CoreApplication - No active profile set, falling back to default profiles: default
17:58:10.208 [main] INFO  o.s.d.r.c.RepositoryConfigurationDelegate - Multiple Spring Data modules found, entering strict repository configuration mode!
17:58:10.212 [main] INFO  o.s.d.r.c.RepositoryConfigurationDelegate - Bootstrapping Spring Data Redis repositories in DEFAULT mode.
17:58:10.239 [main] INFO  o.s.d.r.c.RepositoryConfigurationDelegate - Finished Spring Data repository scanning in 9 ms. Found 0 Redis repository interfaces.
17:58:10.495 [main] INFO  o.s.c.s.PostProcessorRegistrationDelegate$BeanPostProcessorChecker - Bean 'redisConfig' of type [com.springbootCore.config.RedisConfig$$EnhancerBySpringCGLIB$$61e2b2a2] is not eligible for getting processed by all BeanPostProcessors (for example: not eligible for auto-proxying)
17:58:10.734 [main] INFO  o.s.b.w.e.tomcat.TomcatWebServer - Tomcat initialized with port(s): 8081 (http)
17:58:10.743 [main] INFO  o.a.coyote.http11.Http11NioProtocol - Initializing ProtocolHandler ["http-nio-8081"]
17:58:10.744 [main] INFO  o.a.catalina.core.StandardService - Starting service [Tomcat]
17:58:10.744 [main] INFO  o.a.catalina.core.StandardEngine - Starting Servlet engine: [Apache Tomcat/9.0.54]
17:58:10.745 [main] INFO  o.a.c.core.AprLifecycleListener - An older version [1.2.16] of the Apache Tomcat Native library is installed, while Tomcat recommends a minimum version of [1.2.30]
17:58:10.745 [main] INFO  o.a.c.core.AprLifecycleListener - Loaded Apache Tomcat Native library [1.2.16] using APR version [1.6.3].
17:58:10.746 [main] INFO  o.a.c.core.AprLifecycleListener - APR capabilities: IPv6 [true], sendfile [true], accept filters [false], random [true], UDS [false].
17:58:10.746 [main] INFO  o.a.c.core.AprLifecycleListener - APR/OpenSSL configuration: useAprConnector [false], useOpenSSL [true]
17:58:11.893 [main] INFO  o.a.c.core.AprLifecycleListener - OpenSSL successfully initialized [OpenSSL 1.0.2m  2 Nov 2017]
17:58:12.113 [main] INFO  o.a.c.c.C.[Tomcat].[localhost].[/] - Initializing Spring embedded WebApplicationContext
17:58:12.113 [main] INFO  o.s.b.w.s.c.ServletWebServerApplicationContext - Root WebApplicationContext: initialization completed in 2493 ms
17:58:12.285 [main] INFO  c.a.d.s.b.a.DruidDataSourceAutoConfigure - Init DruidDataSource
17:58:12.402 [main] INFO  c.alibaba.druid.pool.DruidDataSource - {dataSource-1} inited
17:58:14.383 [main] INFO  c.springbootCore.config.RedisConfig - 初始化 -> [Redis CacheErrorHandler]
17:58:14.772 [main] INFO  o.a.coyote.http11.Http11NioProtocol - Starting ProtocolHandler ["http-nio-8081"]
17:58:14.793 [main] INFO  o.s.b.w.e.tomcat.TomcatWebServer - Tomcat started on port(s): 8081 (http) with context path ''
17:58:14.820 [main] INFO  com.springbootCore.CoreApplication - Started CoreApplication in 5.747 seconds (JVM running for 8.059)
17:59:41.053 [main] INFO  com.springbootCore.CoreApplication - Starting CoreApplication using Java 1.8.0_151 on XuChunYang with PID 140712 (F:\springboot-xcy\springboot-core\target\classes started by 19732 in F:\springboot-xcy)
17:59:41.056 [main] INFO  com.springbootCore.CoreApplication - No active profile set, falling back to default profiles: default
17:59:41.682 [main] INFO  o.s.d.r.c.RepositoryConfigurationDelegate - Multiple Spring Data modules found, entering strict repository configuration mode!
17:59:41.684 [main] INFO  o.s.d.r.c.RepositoryConfigurationDelegate - Bootstrapping Spring Data Redis repositories in DEFAULT mode.
17:59:41.707 [main] INFO  o.s.d.r.c.RepositoryConfigurationDelegate - Finished Spring Data repository scanning in 10 ms. Found 0 Redis repository interfaces.
17:59:41.963 [main] INFO  o.s.c.s.PostProcessorRegistrationDelegate$BeanPostProcessorChecker - Bean 'redisConfig' of type [com.springbootCore.config.RedisConfig$$EnhancerBySpringCGLIB$$f833e488] is not eligible for getting processed by all BeanPostProcessors (for example: not eligible for auto-proxying)
17:59:42.209 [main] INFO  o.s.b.w.e.tomcat.TomcatWebServer - Tomcat initialized with port(s): 8081 (http)
17:59:42.217 [main] INFO  o.a.coyote.http11.Http11NioProtocol - Initializing ProtocolHandler ["http-nio-8081"]
17:59:42.218 [main] INFO  o.a.catalina.core.StandardService - Starting service [Tomcat]
17:59:42.218 [main] INFO  o.a.catalina.core.StandardEngine - Starting Servlet engine: [Apache Tomcat/9.0.54]
17:59:42.220 [main] INFO  o.a.c.core.AprLifecycleListener - An older version [1.2.16] of the Apache Tomcat Native library is installed, while Tomcat recommends a minimum version of [1.2.30]
17:59:42.220 [main] INFO  o.a.c.core.AprLifecycleListener - Loaded Apache Tomcat Native library [1.2.16] using APR version [1.6.3].
17:59:42.220 [main] INFO  o.a.c.core.AprLifecycleListener - APR capabilities: IPv6 [true], sendfile [true], accept filters [false], random [true], UDS [false].
17:59:42.220 [main] INFO  o.a.c.core.AprLifecycleListener - APR/OpenSSL configuration: useAprConnector [false], useOpenSSL [true]
17:59:43.334 [main] INFO  o.a.c.core.AprLifecycleListener - OpenSSL successfully initialized [OpenSSL 1.0.2m  2 Nov 2017]
17:59:43.517 [main] INFO  o.a.c.c.C.[Tomcat].[localhost].[/] - Initializing Spring embedded WebApplicationContext
17:59:43.517 [main] INFO  o.s.b.w.s.c.ServletWebServerApplicationContext - Root WebApplicationContext: initialization completed in 2393 ms
17:59:43.660 [main] INFO  c.a.d.s.b.a.DruidDataSourceAutoConfigure - Init DruidDataSource
17:59:43.759 [main] INFO  c.alibaba.druid.pool.DruidDataSource - {dataSource-1} inited
17:59:45.696 [main] INFO  c.springbootCore.config.RedisConfig - 初始化 -> [Redis CacheErrorHandler]
17:59:46.105 [main] INFO  o.a.coyote.http11.Http11NioProtocol - Starting ProtocolHandler ["http-nio-8081"]
17:59:46.125 [main] INFO  o.s.b.w.e.tomcat.TomcatWebServer - Tomcat started on port(s): 8081 (http) with context path ''
17:59:46.153 [main] INFO  com.springbootCore.CoreApplication - Started CoreApplication in 5.544 seconds (JVM running for 8.09)
